<?xml version="1.0" encoding="UTF-8"?>
<!-- Generated by org.testng.reporters.JUnitReportReporter -->
<testsuite skipped="0" hostname="DESKTOP-1GNHUG4" name="tests.TestClass" tests="5" failures="0" timestamp="2020-05-09T22:35:58 CEST" time="88.988" errors="0">
  <testcase name="addNewPlace" time="16.371" classname="tests.TestClass"/>
  <system-out/>
  <testcase name="tapLocationButtonAndDismissAlert" time="5.869" classname="tests.TestClass"/>
  <system-out/>
  <testcase name="openSidebar" time="8.394" classname="tests.TestClass"/>
  <system-out/>
  <testcase name="deleteAllPlacesFromHistory" time="53.443" classname="tests.TestClass"/>
  <system-out/>
  <testcase name="tapLocationButtonAndAcceptAlert" time="4.911" classname="tests.TestClass"/>
  <system-out/>
</testsuite> <!-- tests.TestClass -->
