<?xml version="1.0" encoding="UTF-8"?>
<!-- Generated by org.testng.reporters.JUnitReportReporter -->
<testsuite skipped="0" hostname="DESKTOP-1GNHUG4" name="tests.TestClass" tests="1" failures="0" timestamp="2020-05-01T16:05:41 CEST" time="60.052" errors="0">
  <testcase name="deleteAllPlaces" time="60.052" classname="tests.TestClass"/>
  <system-out/>
</testsuite> <!-- tests.TestClass -->
