<?xml version="1.0" encoding="UTF-8"?>
<!-- Generated by org.testng.reporters.JUnitReportReporter -->
<testsuite skipped="0" hostname="DESKTOP-1GNHUG4" name="tests.TestClass" tests="5" failures="0" timestamp="2020-05-04T12:15:52 CEST" time="87.553" errors="0">
  <testcase name="addNewPlace" time="16.328" classname="tests.TestClass"/>
  <system-out/>
  <testcase name="tapLocationButtonAndAcceptAlert" time="4.415" classname="tests.TestClass"/>
  <system-out/>
  <testcase name="deleteAllPlacesFromHistory" time="52.294" classname="tests.TestClass"/>
  <system-out/>
  <testcase name="tapLocationButtonAndDismissAlert" time="5.504" classname="tests.TestClass"/>
  <system-out/>
  <testcase name="openSidebar" time="9.012" classname="tests.TestClass"/>
  <system-out/>
</testsuite> <!-- tests.TestClass -->
