<?xml version="1.0" encoding="UTF-8"?>
<!-- Generated by org.testng.reporters.JUnitReportReporter -->
<testsuite skipped="0" hostname="DESKTOP-1GNHUG4" name="tests.BaseClass" tests="1" failures="0" timestamp="2020-05-01T13:06:55 CEST" time="1.001" errors="0">
  <testcase name="sampleTest" time="1.001" classname="tests.BaseClass"/>
  <system-out/>
</testsuite> <!-- tests.BaseClass -->
