<?xml version="1.0" encoding="UTF-8"?>
<!-- Generated by org.testng.reporters.JUnitReportReporter -->
<testsuite skipped="0" hostname="DESKTOP-1GNHUG4" name="tests.TestClass" tests="5" failures="0" timestamp="2020-05-09T01:17:53 CEST" time="88.299" errors="0">
  <testcase name="tapLocationButtonAndAcceptAlert" time="4.974" classname="tests.TestClass"/>
  <system-out/>
  <testcase name="addNewPlace" time="15.816" classname="tests.TestClass"/>
  <system-out/>
  <testcase name="openSidebar" time="8.089" classname="tests.TestClass"/>
  <system-out/>
  <testcase name="deleteAllPlacesFromHistory" time="53.710" classname="tests.TestClass"/>
  <system-out/>
  <testcase name="tapLocationButtonAndDismissAlert" time="5.710" classname="tests.TestClass"/>
  <system-out/>
</testsuite> <!-- tests.TestClass -->
